[debug] [2025-01-23T14:15:24.342Z] ----------------------------------------------------------------------
[debug] [2025-01-23T14:15:24.344Z] Command:       /usr/local/bin/node /usr/local/bin/firebase init
[debug] [2025-01-23T14:15:24.345Z] CLI Version:   13.29.2
[debug] [2025-01-23T14:15:24.345Z] Platform:      darwin
[debug] [2025-01-23T14:15:24.345Z] Node Version:  v20.12.2
[debug] [2025-01-23T14:15:24.345Z] Time:          Thu Jan 23 2025 09:15:24 GMT-0500 (Eastern Standard Time)
[debug] [2025-01-23T14:15:24.345Z] ----------------------------------------------------------------------
[debug] 
[debug] [2025-01-23T14:15:24.350Z] > command requires scopes: ["email","openid","https://www.googleapis.com/auth/cloudplatformprojects.readonly","https://www.googleapis.com/auth/firebase","https://www.googleapis.com/auth/cloud-platform"]
[debug] [2025-01-23T14:15:24.350Z] > authorizing via signed-in user (sk.srivatsakrishnamurthy@gmail.com)
[info] 
     ######## #### ########  ######## ########     ###     ######  ########
     ##        ##  ##     ## ##       ##     ##  ##   ##  ##       ##
     ######    ##  ########  ######   ########  #########  ######  ######
     ##        ##  ##    ##  ##       ##     ## ##     ##       ## ##
     ##       #### ##     ## ######## ########  ##     ##  ######  ########

You're about to initialize a Firebase project in this directory:

  /Users/srivatsakrishnamurthy/Documents/dev/capacitymobilefrontend

[info] 
=== Project Setup
[info] 
[info] First, let's associate this project directory with a Firebase project.
[info] You can create multiple project aliases by running firebase use --add, 
[info] but for now we'll just set up a default project.
[info] 
[debug] [2025-01-23T14:16:14.807Z] Checked if tokens are valid: true, expires at: 1737643704396
[debug] [2025-01-23T14:16:14.808Z] Checked if tokens are valid: true, expires at: 1737643704396
[debug] [2025-01-23T14:16:14.810Z] >>> [apiv2][query] GET https://firebase.googleapis.com/v1beta1/projects pageSize=100
[debug] [2025-01-23T14:16:15.133Z] <<< [apiv2][status] GET https://firebase.googleapis.com/v1beta1/projects 200
[debug] [2025-01-23T14:16:15.133Z] <<< [apiv2][body] GET https://firebase.googleapis.com/v1beta1/projects [omitted]
[info] i  Using project cap-at-uva (CAPatUVA) 
[info] 
=== Dataconnect Setup
[debug] [2025-01-23T14:16:15.997Z] Checked if tokens are valid: true, expires at: 1737643704396
[debug] [2025-01-23T14:16:15.997Z] Checked if tokens are valid: true, expires at: 1737643704396
[debug] [2025-01-23T14:16:15.999Z] >>> [apiv2][query] GET https://cloudbilling.googleapis.com/v1/projects/cap-at-uva/billingInfo [none]
[debug] [2025-01-23T14:16:16.230Z] <<< [apiv2][status] GET https://cloudbilling.googleapis.com/v1/projects/cap-at-uva/billingInfo 200
[debug] [2025-01-23T14:16:16.230Z] <<< [apiv2][body] GET https://cloudbilling.googleapis.com/v1/projects/cap-at-uva/billingInfo {"name":"projects/cap-at-uva/billingInfo","projectId":"cap-at-uva","billingAccountName":"","billingEnabled":false}
[info] i  dataconnect: ensuring required API sqladmin.googleapis.com is enabled... 
[debug] [2025-01-23T14:16:16.231Z] Checked if tokens are valid: true, expires at: 1737643704396
[debug] [2025-01-23T14:16:16.231Z] Checked if tokens are valid: true, expires at: 1737643704396
[debug] [2025-01-23T14:16:16.231Z] >>> [apiv2][query] GET https://serviceusage.googleapis.com/v1/projects/cap-at-uva/services/sqladmin.googleapis.com [none]
[debug] [2025-01-23T14:16:16.231Z] >>> [apiv2][(partial)header] GET https://serviceusage.googleapis.com/v1/projects/cap-at-uva/services/sqladmin.googleapis.com x-goog-quota-user=projects/cap-at-uva
[debug] [2025-01-23T14:16:16.667Z] <<< [apiv2][status] GET https://serviceusage.googleapis.com/v1/projects/cap-at-uva/services/sqladmin.googleapis.com 200
[debug] [2025-01-23T14:16:16.667Z] <<< [apiv2][body] GET https://serviceusage.googleapis.com/v1/projects/cap-at-uva/services/sqladmin.googleapis.com [omitted]
[info] ✔  dataconnect: required API sqladmin.googleapis.com is enabled 
[info] i  dataconnect/dataconnect.yaml is unchanged 
[info] i  dataconnect/schema/schema.gql is unchanged 
[info] ✔  Wrote dataconnect/connector/connector.yaml 
[info] i  dataconnect/connector/queries.gql is unchanged 
[info] i  dataconnect/connector/mutations.gql is unchanged 
[info] ✔  Detected WEB app in directory /Users/srivatsakrishnamurthy/Documents/dev/capacitymobilefrontend 
[info] i  Wrote new config to /Users/srivatsakrishnamurthy/Documents/dev/capacitymobilefrontend/dataconnect/connector/connector.yaml 
[info] I0123 09:16:21.048312   61551 codegen.go:82] [connector "default" javascriptSdk] Generating sources into "/Users/srivatsakrishnamurthy/Documents/dev/capacitymobilefrontend/dataconnect-generated/js/default-connector"
I0123 09:16:21.062150   61551 generate.go:40] Generated all sources. Writing them to disk...
I0123 09:16:21.065002   61551 collector.go:107] connector "default" javascriptSdk wrote into "/Users/srivatsakrishnamurthy/Documents/dev/capacitymobilefrontend/dataconnect-generated/js/default-connector"
Generated sources: README.md [2740B] index.d.ts [261B] esm/index.esm.js [181B] esm/package.json [17B] index.cjs.js [222B] package.json [634B] 
I0123 09:16:21.070860   61551 installsdk.go:76] Running command: /opt/homebrew/bin/yarn add link:dataconnect-generated/js/default-connector

[debug] [2025-01-23T14:16:57.798Z] ----------------------------------------------------------------------
[debug] [2025-01-23T14:16:57.806Z] Command:       /usr/local/bin/node /usr/local/bin/firebase init
[debug] [2025-01-23T14:16:57.806Z] CLI Version:   13.29.2
[debug] [2025-01-23T14:16:57.807Z] Platform:      darwin
[debug] [2025-01-23T14:16:57.807Z] Node Version:  v20.12.2
[debug] [2025-01-23T14:16:57.807Z] Time:          Thu Jan 23 2025 09:16:57 GMT-0500 (Eastern Standard Time)
[debug] [2025-01-23T14:16:57.807Z] ----------------------------------------------------------------------
[debug] 
[debug] [2025-01-23T14:16:57.812Z] > command requires scopes: ["email","openid","https://www.googleapis.com/auth/cloudplatformprojects.readonly","https://www.googleapis.com/auth/firebase","https://www.googleapis.com/auth/cloud-platform"]
[debug] [2025-01-23T14:16:57.813Z] > authorizing via signed-in user (sk.srivatsakrishnamurthy@gmail.com)
[info] 
     ######## #### ########  ######## ########     ###     ######  ########
     ##        ##  ##     ## ##       ##     ##  ##   ##  ##       ##
     ######    ##  ########  ######   ########  #########  ######  ######
     ##        ##  ##    ##  ##       ##     ## ##     ##       ## ##
     ##       #### ##     ## ######## ########  ##     ##  ######  ########

You're about to initialize a Firebase project in this directory:

  /Users/srivatsakrishnamurthy/Documents/dev/capacitymobilefrontend

[info] 
=== Project Setup
[info] 
[info] First, let's associate this project directory with a Firebase project.
[info] You can create multiple project aliases by running firebase use --add, 
[info] but for now we'll just set up a default project.
[info] 
[debug] [2025-01-23T14:17:07.407Z] Checked if tokens are valid: true, expires at: 1737643704396
[debug] [2025-01-23T14:17:07.407Z] Checked if tokens are valid: true, expires at: 1737643704396
[debug] [2025-01-23T14:17:07.415Z] >>> [apiv2][query] GET https://firebase.googleapis.com/v1beta1/projects pageSize=100
[debug] [2025-01-23T14:17:08.163Z] <<< [apiv2][status] GET https://firebase.googleapis.com/v1beta1/projects 200
[debug] [2025-01-23T14:17:08.163Z] <<< [apiv2][body] GET https://firebase.googleapis.com/v1beta1/projects [omitted]
[info] i  Using project cap-at-uva (CAPatUVA) 
[info] 
=== Dataconnect Setup
[debug] [2025-01-23T14:17:08.792Z] Checked if tokens are valid: true, expires at: 1737643704396
[debug] [2025-01-23T14:17:08.792Z] Checked if tokens are valid: true, expires at: 1737643704396
[debug] [2025-01-23T14:17:08.792Z] >>> [apiv2][query] GET https://cloudbilling.googleapis.com/v1/projects/cap-at-uva/billingInfo [none]
[debug] [2025-01-23T14:17:09.668Z] <<< [apiv2][status] GET https://cloudbilling.googleapis.com/v1/projects/cap-at-uva/billingInfo 200
[debug] [2025-01-23T14:17:09.668Z] <<< [apiv2][body] GET https://cloudbilling.googleapis.com/v1/projects/cap-at-uva/billingInfo {"name":"projects/cap-at-uva/billingInfo","projectId":"cap-at-uva","billingAccountName":"","billingEnabled":false}
[info] i  dataconnect: ensuring required API sqladmin.googleapis.com is enabled... 
[debug] [2025-01-23T14:17:09.669Z] Checked if tokens are valid: true, expires at: 1737643704396
[debug] [2025-01-23T14:17:09.669Z] Checked if tokens are valid: true, expires at: 1737643704396
[debug] [2025-01-23T14:17:09.669Z] >>> [apiv2][query] GET https://serviceusage.googleapis.com/v1/projects/cap-at-uva/services/sqladmin.googleapis.com [none]
[debug] [2025-01-23T14:17:09.669Z] >>> [apiv2][(partial)header] GET https://serviceusage.googleapis.com/v1/projects/cap-at-uva/services/sqladmin.googleapis.com x-goog-quota-user=projects/cap-at-uva
[debug] [2025-01-23T14:17:10.632Z] <<< [apiv2][status] GET https://serviceusage.googleapis.com/v1/projects/cap-at-uva/services/sqladmin.googleapis.com 200
[debug] [2025-01-23T14:17:10.633Z] <<< [apiv2][body] GET https://serviceusage.googleapis.com/v1/projects/cap-at-uva/services/sqladmin.googleapis.com [omitted]
[info] ✔  dataconnect: required API sqladmin.googleapis.com is enabled 
[info] i  dataconnect/dataconnect.yaml is unchanged 
[info] i  dataconnect/schema/schema.gql is unchanged 
[info] ✔  Wrote dataconnect/connector/connector.yaml 
[info] i  dataconnect/connector/queries.gql is unchanged 
[info] i  dataconnect/connector/mutations.gql is unchanged 
[info] ✔  Detected WEB app in directory /Users/srivatsakrishnamurthy/Documents/dev/capacitymobilefrontend 
[info] i  Wrote new config to /Users/srivatsakrishnamurthy/Documents/dev/capacitymobilefrontend/dataconnect/connector/connector.yaml 
[info] I0123 09:17:16.618449   61734 codegen.go:82] [connector "default" javascriptSdk] Generating sources into "/Users/srivatsakrishnamurthy/Documents/dev/capacitymobilefrontend/dataconnect-generated/js/default-connector"
I0123 09:17:16.631078   61734 generate.go:40] Generated all sources. Writing them to disk...
I0123 09:17:16.632721   61734 collector.go:107] connector "default" javascriptSdk wrote into "/Users/srivatsakrishnamurthy/Documents/dev/capacitymobilefrontend/dataconnect-generated/js/default-connector"
Generated sources: index.d.ts [261B] esm/index.esm.js [181B] esm/package.json [17B] index.cjs.js [222B] package.json [634B] README.md [2740B] 
I0123 09:17:16.636795   61734 installsdk.go:76] Running command: /opt/homebrew/bin/yarn add link:dataconnect-generated/js/default-connector

[debug] [2025-01-23T14:21:39.601Z] ----------------------------------------------------------------------
[debug] [2025-01-23T14:21:39.608Z] Command:       /usr/local/bin/node /usr/local/bin/firebase init
[debug] [2025-01-23T14:21:39.608Z] CLI Version:   13.29.2
[debug] [2025-01-23T14:21:39.609Z] Platform:      darwin
[debug] [2025-01-23T14:21:39.609Z] Node Version:  v20.12.2
[debug] [2025-01-23T14:21:39.609Z] Time:          Thu Jan 23 2025 09:21:39 GMT-0500 (Eastern Standard Time)
[debug] [2025-01-23T14:21:39.609Z] ----------------------------------------------------------------------
[debug] 
[debug] [2025-01-23T14:21:39.614Z] > command requires scopes: ["email","openid","https://www.googleapis.com/auth/cloudplatformprojects.readonly","https://www.googleapis.com/auth/firebase","https://www.googleapis.com/auth/cloud-platform"]
[debug] [2025-01-23T14:21:39.614Z] > authorizing via signed-in user (sk.srivatsakrishnamurthy@gmail.com)
[info] 
     ######## #### ########  ######## ########     ###     ######  ########
     ##        ##  ##     ## ##       ##     ##  ##   ##  ##       ##
     ######    ##  ########  ######   ########  #########  ######  ######
     ##        ##  ##    ##  ##       ##     ## ##     ##       ## ##
     ##       #### ##     ## ######## ########  ##     ##  ######  ########

You're about to initialize a Firebase project in this directory:

  /Users/srivatsakrishnamurthy/Documents/dev/capacitymobilefrontend

[info] 
=== Project Setup
[info] 
[info] First, let's associate this project directory with a Firebase project.
[info] You can create multiple project aliases by running firebase use --add, 
[info] but for now we'll just set up a default project.
[info] 
[debug] [2025-01-23T14:21:49.528Z] Checked if tokens are valid: true, expires at: 1737643704396
[debug] [2025-01-23T14:21:49.529Z] Checked if tokens are valid: true, expires at: 1737643704396
[debug] [2025-01-23T14:21:49.531Z] >>> [apiv2][query] GET https://firebase.googleapis.com/v1beta1/projects pageSize=100
[debug] [2025-01-23T14:21:50.057Z] <<< [apiv2][status] GET https://firebase.googleapis.com/v1beta1/projects 200
[debug] [2025-01-23T14:21:50.057Z] <<< [apiv2][body] GET https://firebase.googleapis.com/v1beta1/projects [omitted]
[info] i  Using project cap-at-uva (CAPatUVA) 
[info] 
=== Dataconnect Setup
[debug] [2025-01-23T14:21:51.155Z] Checked if tokens are valid: true, expires at: 1737643704396
[debug] [2025-01-23T14:21:51.156Z] Checked if tokens are valid: true, expires at: 1737643704396
[debug] [2025-01-23T14:21:51.156Z] >>> [apiv2][query] GET https://cloudbilling.googleapis.com/v1/projects/cap-at-uva/billingInfo [none]
[debug] [2025-01-23T14:21:51.437Z] <<< [apiv2][status] GET https://cloudbilling.googleapis.com/v1/projects/cap-at-uva/billingInfo 200
[debug] [2025-01-23T14:21:51.437Z] <<< [apiv2][body] GET https://cloudbilling.googleapis.com/v1/projects/cap-at-uva/billingInfo {"name":"projects/cap-at-uva/billingInfo","projectId":"cap-at-uva","billingAccountName":"","billingEnabled":false}
[info] i  dataconnect: ensuring required API sqladmin.googleapis.com is enabled... 
[debug] [2025-01-23T14:21:51.438Z] Checked if tokens are valid: true, expires at: 1737643704396
[debug] [2025-01-23T14:21:51.438Z] Checked if tokens are valid: true, expires at: 1737643704396
[debug] [2025-01-23T14:21:51.438Z] >>> [apiv2][query] GET https://serviceusage.googleapis.com/v1/projects/cap-at-uva/services/sqladmin.googleapis.com [none]
[debug] [2025-01-23T14:21:51.438Z] >>> [apiv2][(partial)header] GET https://serviceusage.googleapis.com/v1/projects/cap-at-uva/services/sqladmin.googleapis.com x-goog-quota-user=projects/cap-at-uva
[debug] [2025-01-23T14:21:52.053Z] <<< [apiv2][status] GET https://serviceusage.googleapis.com/v1/projects/cap-at-uva/services/sqladmin.googleapis.com 200
[debug] [2025-01-23T14:21:52.053Z] <<< [apiv2][body] GET https://serviceusage.googleapis.com/v1/projects/cap-at-uva/services/sqladmin.googleapis.com [omitted]
[info] ✔  dataconnect: required API sqladmin.googleapis.com is enabled 
[info] i  dataconnect/dataconnect.yaml is unchanged 
[info] i  dataconnect/schema/schema.gql is unchanged 
[info] ✔  Wrote dataconnect/connector/connector.yaml 
[info] i  dataconnect/connector/queries.gql is unchanged 
[info] i  dataconnect/connector/mutations.gql is unchanged 
[info] ✔  Detected WEB app in directory /Users/srivatsakrishnamurthy/Documents/dev/capacitymobilefrontend 
[info] i  Wrote new config to /Users/srivatsakrishnamurthy/Documents/dev/capacitymobilefrontend/dataconnect/connector/connector.yaml 
[info] I0123 09:21:57.677723   62432 codegen.go:82] [connector "default" javascriptSdk] Generating sources into "/Users/srivatsakrishnamurthy/Documents/dev/capacitymobilefrontend/dataconnect-generated/js/default-connector"
I0123 09:21:57.692807   62432 generate.go:40] Generated all sources. Writing them to disk...
I0123 09:21:57.695769   62432 collector.go:107] connector "default" javascriptSdk wrote into "/Users/srivatsakrishnamurthy/Documents/dev/capacitymobilefrontend/dataconnect-generated/js/default-connector"
Generated sources: index.d.ts [261B] esm/index.esm.js [181B] esm/package.json [17B] index.cjs.js [222B] package.json [634B] README.md [2740B] 
I0123 09:21:57.702305   62432 installsdk.go:76] Running command: /opt/homebrew/bin/yarn add link:dataconnect-generated/js/default-connector

